C:\Users\yujees\OneDrive - 중앙대학교\문서\Github\latent_ode\extrap_odernn.py
extrap_odernn.py --niters 100 -n 100 -b 10 -l 3 --dataset mujoco --ode-rnn --noise-weight 0.5 --lr 0.01 --viz --rec-layers 2 --gen-layers 2 -u 100 -c 30 --extraprnn
Experiment 20113
Epoch 0001 [Test seq (cond on sampled tp)] | Loss 1607.373901 | Likelihood -1607.373901 | KL fp 0.0000 | FP STD 0.0000|
KL coef: 0.0
Train loss (one batch): 1122.2552490234375
Train CE loss (one batch): 0.0
Test MSE: 0.3222
Poisson likelihood: 0.0
CE loss: 0.0
Experiment 20113
Epoch 0002 [Test seq (cond on sampled tp)] | Loss 872.085754 | Likelihood -872.085754 | KL fp 0.0000 | FP STD 0.0000|
KL coef: 0.0
Train loss (one batch): 933.8639526367188
Train CE loss (one batch): 0.0
Test MSE: 0.1752
Poisson likelihood: 0.0
CE loss: 0.0
Experiment 20113
Epoch 0003 [Test seq (cond on sampled tp)] | Loss 775.580566 | Likelihood -775.580566 | KL fp 0.0000 | FP STD 0.0000|
KL coef: 0.0
Train loss (one batch): 673.7382202148438
Train CE loss (one batch): 0.0
Test MSE: 0.1559
Poisson likelihood: 0.0
CE loss: 0.0
Experiment 20113
Epoch 0004 [Test seq (cond on sampled tp)] | Loss 657.345032 | Likelihood -657.345032 | KL fp 0.0000 | FP STD 0.0000|
KL coef: 0.0
Train loss (one batch): 472.0760803222656
Train CE loss (one batch): 0.0
Test MSE: 0.1322
Poisson likelihood: 0.0
CE loss: 0.0
Experiment 20113
Epoch 0005 [Test seq (cond on sampled tp)] | Loss 598.779785 | Likelihood -598.779785 | KL fp 0.0000 | FP STD 0.0000|
KL coef: 0.0
Train loss (one batch): 431.19537353515625
Train CE loss (one batch): 0.0
Test MSE: 0.1205
Poisson likelihood: 0.0
CE loss: 0.0
Experiment 20113
Epoch 0006 [Test seq (cond on sampled tp)] | Loss 572.944031 | Likelihood -572.944031 | KL fp 0.0000 | FP STD 0.0000|
KL coef: 0.0
Train loss (one batch): 414.0116271972656
Train CE loss (one batch): 0.0
Test MSE: 0.1153
Poisson likelihood: 0.0
CE loss: 0.0
Experiment 20113
Epoch 0007 [Test seq (cond on sampled tp)] | Loss 643.712036 | Likelihood -643.712036 | KL fp 0.0000 | FP STD 0.0000|
KL coef: 0.0
Train loss (one batch): 382.6533203125
Train CE loss (one batch): 0.0
Test MSE: 0.1295
Poisson likelihood: 0.0
CE loss: 0.0
Experiment 20113
Epoch 0008 [Test seq (cond on sampled tp)] | Loss 537.106079 | Likelihood -537.106079 | KL fp 0.0000 | FP STD 0.0000|
KL coef: 0.0
Train loss (one batch): 401.05230712890625
Train CE loss (one batch): 0.0
Test MSE: 0.1082
Poisson likelihood: 0.0
CE loss: 0.0
Experiment 20113
Epoch 0009 [Test seq (cond on sampled tp)] | Loss 590.982239 | Likelihood -590.982239 | KL fp 0.0000 | FP STD 0.0000|
KL coef: 0.0
Train loss (one batch): 366.766845703125
Train CE loss (one batch): 0.0
Test MSE: 0.1189
Poisson likelihood: 0.0
CE loss: 0.0
Experiment 20113
Epoch 0010 [Test seq (cond on sampled tp)] | Loss 566.812195 | Likelihood -566.812195 | KL fp 0.0000 | FP STD 0.0000|
KL coef: 0.0
Train loss (one batch): 369.21075439453125
Train CE loss (one batch): 0.0
Test MSE: 0.1141
Poisson likelihood: 0.0
CE loss: 0.0
Experiment 20113
Epoch 0011 [Test seq (cond on sampled tp)] | Loss 567.563477 | Likelihood -567.563477 | KL fp 0.0000 | FP STD 0.0000|
KL coef: 0.010000000000000009
Train loss (one batch): 376.9334716796875
Train CE loss (one batch): 0.0
Test MSE: 0.1142
Poisson likelihood: 0.0
CE loss: 0.0
Experiment 20113
Epoch 0012 [Test seq (cond on sampled tp)] | Loss 515.925720 | Likelihood -515.925720 | KL fp 0.0000 | FP STD 0.0000|
KL coef: 0.01990000000000003
Train loss (one batch): 369.38348388671875
Train CE loss (one batch): 0.0
Test MSE: 0.1039
Poisson likelihood: 0.0
CE loss: 0.0
Experiment 20113
Epoch 0013 [Test seq (cond on sampled tp)] | Loss 519.613220 | Likelihood -519.613220 | KL fp 0.0000 | FP STD 0.0000|
KL coef: 0.029700999999999977
Train loss (one batch): 373.2885437011719
Train CE loss (one batch): 0.0
Test MSE: 0.1047
Poisson likelihood: 0.0
CE loss: 0.0
Experiment 20113
Epoch 0014 [Test seq (cond on sampled tp)] | Loss 538.081177 | Likelihood -538.081177 | KL fp 0.0000 | FP STD 0.0000|
KL coef: 0.039403990000000055
Train loss (one batch): 374.9484558105469
Train CE loss (one batch): 0.0
Test MSE: 0.1084
Poisson likelihood: 0.0
CE loss: 0.0
Experiment 20113
Epoch 0015 [Test seq (cond on sampled tp)] | Loss 558.252502 | Likelihood -558.252502 | KL fp 0.0000 | FP STD 0.0000|
KL coef: 0.04900995010000009
Train loss (one batch): 379.27716064453125
Train CE loss (one batch): 0.0
Test MSE: 0.1124
Poisson likelihood: 0.0
CE loss: 0.0
Experiment 20113
Epoch 0016 [Test seq (cond on sampled tp)] | Loss 529.693787 | Likelihood -529.693787 | KL fp 0.0000 | FP STD 0.0000|
KL coef: 0.058519850599
Train loss (one batch): 367.7624206542969
Train CE loss (one batch): 0.0
Test MSE: 0.1067
Poisson likelihood: 0.0
CE loss: 0.0
Experiment 20113
Epoch 0017 [Test seq (cond on sampled tp)] | Loss 538.188660 | Likelihood -538.188660 | KL fp 0.0000 | FP STD 0.0000|
KL coef: 0.06793465209301008
Train loss (one batch): 359.1803894042969
Train CE loss (one batch): 0.0
Test MSE: 0.1084
Poisson likelihood: 0.0
CE loss: 0.0
Experiment 20113
Epoch 0018 [Test seq (cond on sampled tp)] | Loss 557.636414 | Likelihood -557.636414 | KL fp 0.0000 | FP STD 0.0000|
KL coef: 0.07725530557207994
Train loss (one batch): 364.5685729980469
Train CE loss (one batch): 0.0
Test MSE: 0.1123
Poisson likelihood: 0.0
CE loss: 0.0
Experiment 20113
Epoch 0019 [Test seq (cond on sampled tp)] | Loss 549.645630 | Likelihood -549.645630 | KL fp 0.0000 | FP STD 0.0000|
KL coef: 0.08648275251635917
Train loss (one batch): 355.97125244140625
Train CE loss (one batch): 0.0
Test MSE: 0.1107
Poisson likelihood: 0.0
CE loss: 0.0
Experiment 20113
Epoch 0020 [Test seq (cond on sampled tp)] | Loss 536.888123 | Likelihood -536.888123 | KL fp 0.0000 | FP STD 0.0000|
KL coef: 0.09561792499119559
Train loss (one batch): 342.7688903808594
Train CE loss (one batch): 0.0
Test MSE: 0.1081
Poisson likelihood: 0.0
CE loss: 0.0
Experiment 20113
Epoch 0021 [Test seq (cond on sampled tp)] | Loss 516.785278 | Likelihood -516.785278 | KL fp 0.0000 | FP STD 0.0000|
KL coef: 0.10466174574128362
Train loss (one batch): 364.784912109375
Train CE loss (one batch): 0.0
Test MSE: 0.1041
Poisson likelihood: 0.0
CE loss: 0.0
Experiment 20113
Epoch 0022 [Test seq (cond on sampled tp)] | Loss 457.117889 | Likelihood -457.117889 | KL fp 0.0000 | FP STD 0.0000|
KL coef: 0.11361512828387077
Train loss (one batch): 345.9661560058594
Train CE loss (one batch): 0.0
Test MSE: 0.0922
Poisson likelihood: 0.0
CE loss: 0.0
Experiment 20113
Epoch 0023 [Test seq (cond on sampled tp)] | Loss 494.289459 | Likelihood -494.289459 | KL fp 0.0000 | FP STD 0.0000|
KL coef: 0.12247897700103216
Train loss (one batch): 357.9525451660156
Train CE loss (one batch): 0.0
Test MSE: 0.0996
Poisson likelihood: 0.0
CE loss: 0.0
Experiment 20113
Epoch 0024 [Test seq (cond on sampled tp)] | Loss 455.384186 | Likelihood -455.384186 | KL fp 0.0000 | FP STD 0.0000|
KL coef: 0.13125418723102178
Train loss (one batch): 344.072998046875
Train CE loss (one batch): 0.0
Test MSE: 0.0918
Poisson likelihood: 0.0
CE loss: 0.0
Experiment 20113
Epoch 0025 [Test seq (cond on sampled tp)] | Loss 525.144165 | Likelihood -525.144165 | KL fp 0.0000 | FP STD 0.0000|
KL coef: 0.13994164535871156
Train loss (one batch): 355.2314453125
Train CE loss (one batch): 0.0
Test MSE: 0.1058
Poisson likelihood: 0.0
CE loss: 0.0
Experiment 20113
Epoch 0026 [Test seq (cond on sampled tp)] | Loss 542.957886 | Likelihood -542.957886 | KL fp 0.0000 | FP STD 0.0000|
KL coef: 0.14854222890512447
Train loss (one batch): 354.8648986816406
Train CE loss (one batch): 0.0
Test MSE: 0.1093
Poisson likelihood: 0.0
CE loss: 0.0
Experiment 20113
Epoch 0027 [Test seq (cond on sampled tp)] | Loss 506.213196 | Likelihood -506.213196 | KL fp 0.0000 | FP STD 0.0000|
KL coef: 0.15705680661607324
Train loss (one batch): 346.1849365234375
Train CE loss (one batch): 0.0
Test MSE: 0.1020
Poisson likelihood: 0.0
CE loss: 0.0
Experiment 20113
Epoch 0028 [Test seq (cond on sampled tp)] | Loss 539.162781 | Likelihood -539.162781 | KL fp 0.0000 | FP STD 0.0000|
KL coef: 0.1654862385499125
Train loss (one batch): 349.3521423339844
Train CE loss (one batch): 0.0
Test MSE: 0.1086
Poisson likelihood: 0.0
CE loss: 0.0
Experiment 20113
Epoch 0029 [Test seq (cond on sampled tp)] | Loss 507.628265 | Likelihood -507.628265 | KL fp 0.0000 | FP STD 0.0000|
KL coef: 0.17383137616441335
Train loss (one batch): 349.85302734375
Train CE loss (one batch): 0.0
Test MSE: 0.1023
Poisson likelihood: 0.0
CE loss: 0.0
Experiment 20113
Epoch 0030 [Test seq (cond on sampled tp)] | Loss 504.900452 | Likelihood -504.900452 | KL fp 0.0000 | FP STD 0.0000|
KL coef: 0.18209306240276923
Train loss (one batch): 343.5153503417969
Train CE loss (one batch): 0.0
Test MSE: 0.1017
Poisson likelihood: 0.0
CE loss: 0.0
Experiment 20113
Epoch 0031 [Test seq (cond on sampled tp)] | Loss 486.513824 | Likelihood -486.513824 | KL fp 0.0000 | FP STD 0.0000|
KL coef: 0.19027213177874158
Train loss (one batch): 335.4937438964844
Train CE loss (one batch): 0.0
Test MSE: 0.0980
Poisson likelihood: 0.0
CE loss: 0.0
Experiment 20113
Epoch 0032 [Test seq (cond on sampled tp)] | Loss 523.471191 | Likelihood -523.471191 | KL fp 0.0000 | FP STD 0.0000|
KL coef: 0.19836941046095413
Train loss (one batch): 346.13427734375
Train CE loss (one batch): 0.0
Test MSE: 0.1054
Poisson likelihood: 0.0
CE loss: 0.0
Experiment 20113
Epoch 0033 [Test seq (cond on sampled tp)] | Loss 523.335388 | Likelihood -523.335388 | KL fp 0.0000 | FP STD 0.0000|
KL coef: 0.20638571635634462
Train loss (one batch): 361.9936218261719
Train CE loss (one batch): 0.0
Test MSE: 0.1054
Poisson likelihood: 0.0
CE loss: 0.0
Experiment 20113
Epoch 0034 [Test seq (cond on sampled tp)] | Loss 526.002380 | Likelihood -526.002380 | KL fp 0.0000 | FP STD 0.0000|
KL coef: 0.21432185919278124
Train loss (one batch): 349.5710144042969
Train CE loss (one batch): 0.0
Test MSE: 0.1059
Poisson likelihood: 0.0
CE loss: 0.0
Experiment 20113
Epoch 0035 [Test seq (cond on sampled tp)] | Loss 491.672943 | Likelihood -491.672943 | KL fp 0.0000 | FP STD 0.0000|
KL coef: 0.22217864060085335
Train loss (one batch): 345.096435546875
Train CE loss (one batch): 0.0
Test MSE: 0.0991
Poisson likelihood: 0.0
CE loss: 0.0
Experiment 20113
Epoch 0036 [Test seq (cond on sampled tp)] | Loss 535.288574 | Likelihood -535.288574 | KL fp 0.0000 | FP STD 0.0000|
KL coef: 0.2299568541948449
Train loss (one batch): 343.8532409667969
Train CE loss (one batch): 0.0
Test MSE: 0.1078
Poisson likelihood: 0.0
CE loss: 0.0
Experiment 20113
Epoch 0037 [Test seq (cond on sampled tp)] | Loss 472.475555 | Likelihood -472.475555 | KL fp 0.0000 | FP STD 0.0000|
KL coef: 0.23765728565289646
Train loss (one batch): 349.2431640625
Train CE loss (one batch): 0.0
Test MSE: 0.0952
Poisson likelihood: 0.0
CE loss: 0.0
Experiment 20113
Epoch 0038 [Test seq (cond on sampled tp)] | Loss 499.559296 | Likelihood -499.559296 | KL fp 0.0000 | FP STD 0.0000|
KL coef: 0.24528071279636743
Train loss (one batch): 362.3683776855469
Train CE loss (one batch): 0.0
Test MSE: 0.1006
Poisson likelihood: 0.0
CE loss: 0.0
Experiment 20113
Epoch 0039 [Test seq (cond on sampled tp)] | Loss 482.048004 | Likelihood -482.048004 | KL fp 0.0000 | FP STD 0.0000|
KL coef: 0.25282790566840385
Train loss (one batch): 361.81182861328125
Train CE loss (one batch): 0.0
Test MSE: 0.0971
Poisson likelihood: 0.0
CE loss: 0.0
Experiment 20113
Epoch 0040 [Test seq (cond on sampled tp)] | Loss 498.504059 | Likelihood -498.504059 | KL fp 0.0000 | FP STD 0.0000|
KL coef: 0.2602996266117198
Train loss (one batch): 345.89788818359375
Train CE loss (one batch): 0.0
Test MSE: 0.1004
Poisson likelihood: 0.0
CE loss: 0.0
Experiment 20113
Epoch 0041 [Test seq (cond on sampled tp)] | Loss 537.759827 | Likelihood -537.759827 | KL fp 0.0000 | FP STD 0.0000|
KL coef: 0.26769663034560254
Train loss (one batch): 329.6415100097656
Train CE loss (one batch): 0.0
Test MSE: 0.1083
Poisson likelihood: 0.0
CE loss: 0.0
Experiment 20113
Epoch 0042 [Test seq (cond on sampled tp)] | Loss 462.649139 | Likelihood -462.649139 | KL fp 0.0000 | FP STD 0.0000|
KL coef: 0.2750196640421466
Train loss (one batch): 360.91192626953125
Train CE loss (one batch): 0.0
Test MSE: 0.0933
Poisson likelihood: 0.0
CE loss: 0.0
Experiment 20113
Epoch 0043 [Test seq (cond on sampled tp)] | Loss 498.186432 | Likelihood -498.186432 | KL fp 0.0000 | FP STD 0.0000|
KL coef: 0.2822694674017251
Train loss (one batch): 344.4439392089844
Train CE loss (one batch): 0.0
Test MSE: 0.1004
Poisson likelihood: 0.0
CE loss: 0.0
Experiment 20113
Epoch 0044 [Test seq (cond on sampled tp)] | Loss 441.671143 | Likelihood -441.671143 | KL fp 0.0000 | FP STD 0.0000|
KL coef: 0.2894467727277079
Train loss (one batch): 355.15087890625
Train CE loss (one batch): 0.0
Test MSE: 0.0891
Poisson likelihood: 0.0
CE loss: 0.0
Experiment 20113
Epoch 0045 [Test seq (cond on sampled tp)] | Loss 522.238892 | Likelihood -522.238892 | KL fp 0.0000 | FP STD 0.0000|
KL coef: 0.29655230500043084
Train loss (one batch): 351.46173095703125
Train CE loss (one batch): 0.0
Test MSE: 0.1052
Poisson likelihood: 0.0
CE loss: 0.0
Experiment 20113
Epoch 0046 [Test seq (cond on sampled tp)] | Loss 500.805634 | Likelihood -500.805634 | KL fp 0.0000 | FP STD 0.0000|
KL coef: 0.30358678195042654
Train loss (one batch): 354.5171813964844
Train CE loss (one batch): 0.0
Test MSE: 0.1009
Poisson likelihood: 0.0
CE loss: 0.0
Experiment 20113
Epoch 0047 [Test seq (cond on sampled tp)] | Loss 478.643158 | Likelihood -478.643158 | KL fp 0.0000 | FP STD 0.0000|
KL coef: 0.3105509141309223
Train loss (one batch): 335.0292663574219
Train CE loss (one batch): 0.0
Test MSE: 0.0965
Poisson likelihood: 0.0
CE loss: 0.0
Experiment 20113
Epoch 0048 [Test seq (cond on sampled tp)] | Loss 562.663208 | Likelihood -562.663208 | KL fp 0.0000 | FP STD 0.0000|
KL coef: 0.31744540498961304
Train loss (one batch): 325.3854064941406
Train CE loss (one batch): 0.0
Test MSE: 0.1133
Poisson likelihood: 0.0
CE loss: 0.0
Experiment 20113
Epoch 0049 [Test seq (cond on sampled tp)] | Loss 486.597656 | Likelihood -486.597656 | KL fp 0.0000 | FP STD 0.0000|
KL coef: 0.3242709509397169
Train loss (one batch): 328.2059020996094
Train CE loss (one batch): 0.0
Test MSE: 0.0981
Poisson likelihood: 0.0
CE loss: 0.0
Experiment 20113
Epoch 0050 [Test seq (cond on sampled tp)] | Loss 478.535461 | Likelihood -478.535461 | KL fp 0.0000 | FP STD 0.0000|
KL coef: 0.3310282414303197
Train loss (one batch): 338.1903991699219
Train CE loss (one batch): 0.0
Test MSE: 0.0964
Poisson likelihood: 0.0
CE loss: 0.0
Experiment 20113
Epoch 0051 [Test seq (cond on sampled tp)] | Loss 489.297668 | Likelihood -489.297668 | KL fp 0.0000 | FP STD 0.0000|
KL coef: 0.33771795901601653
Train loss (one batch): 333.9128112792969
Train CE loss (one batch): 0.0
Test MSE: 0.0986
Poisson likelihood: 0.0
CE loss: 0.0
Experiment 20113
Epoch 0052 [Test seq (cond on sampled tp)] | Loss 510.837891 | Likelihood -510.837891 | KL fp 0.0000 | FP STD 0.0000|
KL coef: 0.3443407794258564
Train loss (one batch): 330.40545654296875
Train CE loss (one batch): 0.0
Test MSE: 0.1029
Poisson likelihood: 0.0
CE loss: 0.0
Experiment 20113
Epoch 0053 [Test seq (cond on sampled tp)] | Loss 428.166595 | Likelihood -428.166595 | KL fp 0.0000 | FP STD 0.0000|
KL coef: 0.35089737163159784
Train loss (one batch): 331.38751220703125
Train CE loss (one batch): 0.0
Test MSE: 0.0864
Poisson likelihood: 0.0
CE loss: 0.0
Experiment 20113
Epoch 0054 [Test seq (cond on sampled tp)] | Loss 508.185944 | Likelihood -508.185944 | KL fp 0.0000 | FP STD 0.0000|
KL coef: 0.3573883979152819
Train loss (one batch): 324.8204040527344
Train CE loss (one batch): 0.0
Test MSE: 0.1024
Poisson likelihood: 0.0
CE loss: 0.0
Experiment 20113
Epoch 0055 [Test seq (cond on sampled tp)] | Loss 505.040833 | Likelihood -505.040833 | KL fp 0.0000 | FP STD 0.0000|
KL coef: 0.36381451393612907
Train loss (one batch): 339.8337097167969
Train CE loss (one batch): 0.0
Test MSE: 0.1017
Poisson likelihood: 0.0
CE loss: 0.0
Experiment 20113
Epoch 0056 [Test seq (cond on sampled tp)] | Loss 475.283447 | Likelihood -475.283447 | KL fp 0.0000 | FP STD 0.0000|
KL coef: 0.37017636879676774
Train loss (one batch): 339.39019775390625
Train CE loss (one batch): 0.0
Test MSE: 0.0958
Poisson likelihood: 0.0
CE loss: 0.0
Experiment 20113
Epoch 0057 [Test seq (cond on sampled tp)] | Loss 533.824036 | Likelihood -533.824036 | KL fp 0.0000 | FP STD 0.0000|
KL coef: 0.37647460510880004
Train loss (one batch): 307.03070068359375
Train CE loss (one batch): 0.0
Test MSE: 0.1075
Poisson likelihood: 0.0
CE loss: 0.0
Experiment 20113
Epoch 0058 [Test seq (cond on sampled tp)] | Loss 465.896942 | Likelihood -465.896942 | KL fp 0.0000 | FP STD 0.0000|
KL coef: 0.38270985905771204
Train loss (one batch): 314.1552429199219
Train CE loss (one batch): 0.0
Test MSE: 0.0939
Poisson likelihood: 0.0
CE loss: 0.0
Experiment 20113
Epoch 0059 [Test seq (cond on sampled tp)] | Loss 478.597504 | Likelihood -478.597504 | KL fp 0.0000 | FP STD 0.0000|
KL coef: 0.388882760467135
Train loss (one batch): 325.8775329589844
Train CE loss (one batch): 0.0
Test MSE: 0.0965
Poisson likelihood: 0.0
CE loss: 0.0
Experiment 20113
Epoch 0060 [Test seq (cond on sampled tp)] | Loss 472.865784 | Likelihood -472.865784 | KL fp 0.0000 | FP STD 0.0000|
KL coef: 0.39499393286246365
Train loss (one batch): 311.3285217285156
Train CE loss (one batch): 0.0
Test MSE: 0.0953
Poisson likelihood: 0.0
CE loss: 0.0
Experiment 20113
Epoch 0061 [Test seq (cond on sampled tp)] | Loss 445.958496 | Likelihood -445.958496 | KL fp 0.0000 | FP STD 0.0000|
KL coef: 0.401043993533839
Train loss (one batch): 311.6722106933594
Train CE loss (one batch): 0.0
Test MSE: 0.0899
Poisson likelihood: 0.0
CE loss: 0.0
Experiment 20113
Epoch 0062 [Test seq (cond on sampled tp)] | Loss 425.970428 | Likelihood -425.970428 | KL fp 0.0000 | FP STD 0.0000|
KL coef: 0.4070335535985006
Train loss (one batch): 303.8725280761719
Train CE loss (one batch): 0.0
Test MSE: 0.0859
Poisson likelihood: 0.0
CE loss: 0.0
Experiment 20113
Epoch 0063 [Test seq (cond on sampled tp)] | Loss 458.295074 | Likelihood -458.295074 | KL fp 0.0000 | FP STD 0.0000|
KL coef: 0.41296321806251557
Train loss (one batch): 278.7500305175781
Train CE loss (one batch): 0.0
Test MSE: 0.0924
Poisson likelihood: 0.0
CE loss: 0.0
Experiment 20113
Epoch 0064 [Test seq (cond on sampled tp)] | Loss 418.341644 | Likelihood -418.341644 | KL fp 0.0000 | FP STD 0.0000|
KL coef: 0.41883358588189046
Train loss (one batch): 294.0284118652344
Train CE loss (one batch): 0.0
Test MSE: 0.0844
Poisson likelihood: 0.0
CE loss: 0.0
Experiment 20113
Epoch 0065 [Test seq (cond on sampled tp)] | Loss 465.170502 | Likelihood -465.170502 | KL fp 0.0000 | FP STD 0.0000|
KL coef: 0.4246452500230715
Train loss (one batch): 295.18621826171875
Train CE loss (one batch): 0.0
Test MSE: 0.0938
Poisson likelihood: 0.0
CE loss: 0.0
Experiment 20113
Epoch 0066 [Test seq (cond on sampled tp)] | Loss 490.609375 | Likelihood -490.609375 | KL fp 0.0000 | FP STD 0.0000|
KL coef: 0.4303987975228408
Train loss (one batch): 289.59405517578125
Train CE loss (one batch): 0.0
Test MSE: 0.0989
Poisson likelihood: 0.0
CE loss: 0.0
Experiment 20113
Epoch 0067 [Test seq (cond on sampled tp)] | Loss 504.496002 | Likelihood -504.496002 | KL fp 0.0000 | FP STD 0.0000|
KL coef: 0.4360948095476125
Train loss (one batch): 288.7896423339844
Train CE loss (one batch): 0.0
Test MSE: 0.1016
Poisson likelihood: 0.0
CE loss: 0.0
Experiment 20113
Epoch 0068 [Test seq (cond on sampled tp)] | Loss 407.134979 | Likelihood -407.134979 | KL fp 0.0000 | FP STD 0.0000|
KL coef: 0.44173386145213633
Train loss (one batch): 282.3143615722656
Train CE loss (one batch): 0.0
Test MSE: 0.0822
Poisson likelihood: 0.0
CE loss: 0.0
Experiment 20113
Epoch 0069 [Test seq (cond on sampled tp)] | Loss 423.309143 | Likelihood -423.309143 | KL fp 0.0000 | FP STD 0.0000|
KL coef: 0.4473165228376149
Train loss (one batch): 278.632080078125
Train CE loss (one batch): 0.0
Test MSE: 0.0854
Poisson likelihood: 0.0
CE loss: 0.0
Experiment 20113
Epoch 0070 [Test seq (cond on sampled tp)] | Loss 405.286041 | Likelihood -405.286041 | KL fp 0.0000 | FP STD 0.0000|
KL coef: 0.4528433576092388
Train loss (one batch): 288.7355651855469
Train CE loss (one batch): 0.0
Test MSE: 0.0818
Poisson likelihood: 0.0
CE loss: 0.0
Experiment 20113
Epoch 0071 [Test seq (cond on sampled tp)] | Loss 451.416321 | Likelihood -451.416321 | KL fp 0.0000 | FP STD 0.0000|
KL coef: 0.45831492403314644
Train loss (one batch): 279.8725280761719
Train CE loss (one batch): 0.0
Test MSE: 0.0910
Poisson likelihood: 0.0
CE loss: 0.0
Experiment 20113
Epoch 0072 [Test seq (cond on sampled tp)] | Loss 484.798431 | Likelihood -484.798431 | KL fp 0.0000 | FP STD 0.0000|
KL coef: 0.463731774792815
Train loss (one batch): 266.7626647949219
Train CE loss (one batch): 0.0
Test MSE: 0.0977
Poisson likelihood: 0.0
CE loss: 0.0
Experiment 20113
Epoch 0073 [Test seq (cond on sampled tp)] | Loss 410.006317 | Likelihood -410.006317 | KL fp 0.0000 | FP STD 0.0000|
KL coef: 0.46909445704488684
Train loss (one batch): 266.71484375
Train CE loss (one batch): 0.0
Test MSE: 0.0827
Poisson likelihood: 0.0
CE loss: 0.0
Experiment 20113
Epoch 0074 [Test seq (cond on sampled tp)] | Loss 476.834076 | Likelihood -476.834076 | KL fp 0.0000 | FP STD 0.0000|
KL coef: 0.474403512474438
Train loss (one batch): 273.6130676269531
Train CE loss (one batch): 0.0
Test MSE: 0.0961
Poisson likelihood: 0.0
CE loss: 0.0
Experiment 20113
Epoch 0075 [Test seq (cond on sampled tp)] | Loss 422.675995 | Likelihood -422.675995 | KL fp 0.0000 | FP STD 0.0000|
KL coef: 0.4796594773496936
Train loss (one batch): 249.1702423095703
Train CE loss (one batch): 0.0
Test MSE: 0.0853
Poisson likelihood: 0.0
CE loss: 0.0
Experiment 20113
Epoch 0076 [Test seq (cond on sampled tp)] | Loss 457.019135 | Likelihood -457.019135 | KL fp 0.0000 | FP STD 0.0000|
KL coef: 0.4848628825761967
Train loss (one batch): 259.7704772949219
Train CE loss (one batch): 0.0
Test MSE: 0.0921
Poisson likelihood: 0.0
CE loss: 0.0
Experiment 20113
Epoch 0077 [Test seq (cond on sampled tp)] | Loss 384.796967 | Likelihood -384.796967 | KL fp 0.0000 | FP STD 0.0000|
KL coef: 0.4900142537504347
Train loss (one batch): 269.8255310058594
Train CE loss (one batch): 0.0
Test MSE: 0.0777
Poisson likelihood: 0.0
CE loss: 0.0
Experiment 20113
Epoch 0078 [Test seq (cond on sampled tp)] | Loss 504.453918 | Likelihood -504.453918 | KL fp 0.0000 | FP STD 0.0000|
KL coef: 0.49511411121293036
Train loss (one batch): 289.67724609375
Train CE loss (one batch): 0.0
Test MSE: 0.1016
Poisson likelihood: 0.0
CE loss: 0.0
Experiment 20113
Epoch 0079 [Test seq (cond on sampled tp)] | Loss 379.940155 | Likelihood -379.940155 | KL fp 0.0000 | FP STD 0.0000|
KL coef: 0.500162970100801
Train loss (one batch): 280.4114685058594
Train CE loss (one batch): 0.0
Test MSE: 0.0767
Poisson likelihood: 0.0
CE loss: 0.0
Experiment 20113
Epoch 0080 [Test seq (cond on sampled tp)] | Loss 425.985260 | Likelihood -425.985260 | KL fp 0.0000 | FP STD 0.0000|
KL coef: 0.505161340399793
Train loss (one batch): 281.9972839355469
Train CE loss (one batch): 0.0
Test MSE: 0.0859
Poisson likelihood: 0.0
CE loss: 0.0
Experiment 20113
Epoch 0081 [Test seq (cond on sampled tp)] | Loss 403.819000 | Likelihood -403.819000 | KL fp 0.0000 | FP STD 0.0000|
KL coef: 0.510109726995795
Train loss (one batch): 262.8730163574219
Train CE loss (one batch): 0.0
Test MSE: 0.0815
Poisson likelihood: 0.0
CE loss: 0.0
Experiment 20113
Epoch 0082 [Test seq (cond on sampled tp)] | Loss 407.427643 | Likelihood -407.427643 | KL fp 0.0000 | FP STD 0.0000|
KL coef: 0.5150086297258372
Train loss (one batch): 270.5489501953125
Train CE loss (one batch): 0.0
Test MSE: 0.0822
Poisson likelihood: 0.0
CE loss: 0.0
Experiment 20113
Epoch 0083 [Test seq (cond on sampled tp)] | Loss 428.801971 | Likelihood -428.801971 | KL fp 0.0000 | FP STD 0.0000|
KL coef: 0.5198585434285787
Train loss (one batch): 277.9350280761719
Train CE loss (one batch): 0.0
Test MSE: 0.0865
Poisson likelihood: 0.0
CE loss: 0.0
Experiment 20113
Epoch 0084 [Test seq (cond on sampled tp)] | Loss 466.638184 | Likelihood -466.638184 | KL fp 0.0000 | FP STD 0.0000|
KL coef: 0.524659957994293
Train loss (one batch): 257.0718688964844
Train CE loss (one batch): 0.0
Test MSE: 0.0941
Poisson likelihood: 0.0
CE loss: 0.0
Experiment 20113
Epoch 0085 [Test seq (cond on sampled tp)] | Loss 393.405975 | Likelihood -393.405975 | KL fp 0.0000 | FP STD 0.0000|
KL coef: 0.5294133584143501
Train loss (one batch): 284.3789978027344
Train CE loss (one batch): 0.0
Test MSE: 0.0794
Poisson likelihood: 0.0
CE loss: 0.0
Experiment 20113
Epoch 0086 [Test seq (cond on sampled tp)] | Loss 412.273895 | Likelihood -412.273895 | KL fp 0.0000 | FP STD 0.0000|
KL coef: 0.5341192248302067
Train loss (one batch): 284.46649169921875
Train CE loss (one batch): 0.0
Test MSE: 0.0832
Poisson likelihood: 0.0
CE loss: 0.0
Experiment 20113
Epoch 0087 [Test seq (cond on sampled tp)] | Loss 458.367188 | Likelihood -458.367188 | KL fp 0.0000 | FP STD 0.0000|
KL coef: 0.5387780325819045
Train loss (one batch): 288.2643737792969
Train CE loss (one batch): 0.0
Test MSE: 0.0924
Poisson likelihood: 0.0
CE loss: 0.0
Experiment 20113
Epoch 0088 [Test seq (cond on sampled tp)] | Loss 430.928528 | Likelihood -430.928528 | KL fp 0.0000 | FP STD 0.0000|
KL coef: 0.5433902522560855
Train loss (one batch): 264.4387512207031
Train CE loss (one batch): 0.0
Test MSE: 0.0869
Poisson likelihood: 0.0
CE loss: 0.0
Experiment 20113
Epoch 0089 [Test seq (cond on sampled tp)] | Loss 464.128235 | Likelihood -464.128235 | KL fp 0.0000 | FP STD 0.0000|
KL coef: 0.5479563497335247
Train loss (one batch): 267.42974853515625
Train CE loss (one batch): 0.0
Test MSE: 0.0936
Poisson likelihood: 0.0
CE loss: 0.0
Experiment 20113
Epoch 0090 [Test seq (cond on sampled tp)] | Loss 423.030182 | Likelihood -423.030182 | KL fp 0.0000 | FP STD 0.0000|
KL coef: 0.5524767862361895
Train loss (one batch): 279.1756286621094
Train CE loss (one batch): 0.0
Test MSE: 0.0853
Poisson likelihood: 0.0
CE loss: 0.0
Experiment 20113
Epoch 0091 [Test seq (cond on sampled tp)] | Loss 393.283295 | Likelihood -393.283295 | KL fp 0.0000 | FP STD 0.0000|
KL coef: 0.5569520183738275
Train loss (one batch): 260.74945068359375
Train CE loss (one batch): 0.0
Test MSE: 0.0794
Poisson likelihood: 0.0
CE loss: 0.0
Experiment 20113
Epoch 0092 [Test seq (cond on sampled tp)] | Loss 399.100525 | Likelihood -399.100525 | KL fp 0.0000 | FP STD 0.0000|
KL coef: 0.5613824981900892
Train loss (one batch): 264.8109130859375
Train CE loss (one batch): 0.0
Test MSE: 0.0806
Poisson likelihood: 0.0
CE loss: 0.0
Experiment 20113
Epoch 0093 [Test seq (cond on sampled tp)] | Loss 441.126038 | Likelihood -441.126038 | KL fp 0.0000 | FP STD 0.0000|
KL coef: 0.5657686732081884
Train loss (one batch): 268.7643737792969
Train CE loss (one batch): 0.0
Test MSE: 0.0890
Poisson likelihood: 0.0
CE loss: 0.0
Experiment 20113
Epoch 0094 [Test seq (cond on sampled tp)] | Loss 441.999725 | Likelihood -441.999725 | KL fp 0.0000 | FP STD 0.0000|
KL coef: 0.5701109864761065
Train loss (one batch): 278.9753112792969
Train CE loss (one batch): 0.0
Test MSE: 0.0891
Poisson likelihood: 0.0
CE loss: 0.0
Experiment 20113
Epoch 0095 [Test seq (cond on sampled tp)] | Loss 442.494293 | Likelihood -442.494293 | KL fp 0.0000 | FP STD 0.0000|
KL coef: 0.5744098766113455
Train loss (one batch): 270.0193786621094
Train CE loss (one batch): 0.0
Test MSE: 0.0892
Poisson likelihood: 0.0
CE loss: 0.0
Experiment 20113
Epoch 0096 [Test seq (cond on sampled tp)] | Loss 369.233063 | Likelihood -369.233063 | KL fp 0.0000 | FP STD 0.0000|
KL coef: 0.578665777845232
Train loss (one batch): 277.37469482421875
Train CE loss (one batch): 0.0
Test MSE: 0.0746
Poisson likelihood: 0.0
CE loss: 0.0
Experiment 20113
Epoch 0097 [Test seq (cond on sampled tp)] | Loss 382.598145 | Likelihood -382.598145 | KL fp 0.0000 | FP STD 0.0000|
KL coef: 0.5828791200667797
Train loss (one batch): 261.142578125
Train CE loss (one batch): 0.0
Test MSE: 0.0773
Poisson likelihood: 0.0
CE loss: 0.0
Experiment 20113
Epoch 0098 [Test seq (cond on sampled tp)] | Loss 403.732574 | Likelihood -403.732574 | KL fp 0.0000 | FP STD 0.0000|
KL coef: 0.5870503288661119
Train loss (one batch): 251.38369750976562
Train CE loss (one batch): 0.0
Test MSE: 0.0815
Poisson likelihood: 0.0
CE loss: 0.0
Experiment 20113
Epoch 0099 [Test seq (cond on sampled tp)] | Loss 392.430237 | Likelihood -392.430237 | KL fp 0.0000 | FP STD 0.0000|
KL coef: 0.5911798255774507
Train loss (one batch): 264.5846862792969
Train CE loss (one batch): 0.0
Test MSE: 0.0792
Poisson likelihood: 0.0
CE loss: 0.0
Experiment 20113
Epoch 0100 [Test seq (cond on sampled tp)] | Loss 395.642853 | Likelihood -395.642853 | KL fp 0.0000 | FP STD 0.0000|
KL coef: 0.5952680273216762
Train loss (one batch): 267.43798828125
Train CE loss (one batch): 0.0
Test MSE: 0.0799
Poisson likelihood: 0.0
CE loss: 0.0
