C:\Users\yujees\OneDrive - 중앙대학교\문서\Github\latent_ode\extrap_odernn.py
extrap_odernn.py --niters 100 -n 5000 -b 100 -l 3 --dataset periodic --ode-rnn --noise-weight 0.5 --lr 0.01 --rec-layers 2 --gen-layers 2 -u 100 -c 30 --extraprnn
Experiment 94117
Epoch 0001 [Test seq (cond on sampled tp)] | Loss 556.476257 | Likelihood -556.476257 | KL fp 0.0000 | FP STD 0.0000|
KL coef: 0.0
Train loss (one batch): 377.0235900878906
Train CE loss (one batch): 0.0
Test MSE: 0.1120
Poisson likelihood: 0.0
CE loss: 0.0
Experiment 94117
Epoch 0002 [Test seq (cond on sampled tp)] | Loss 500.708313 | Likelihood -500.708313 | KL fp 0.0000 | FP STD 0.0000|
KL coef: 0.0
Train loss (one batch): 349.7254638671875
Train CE loss (one batch): 0.0
Test MSE: 0.1009
Poisson likelihood: 0.0
CE loss: 0.0
Experiment 94117
Epoch 0003 [Test seq (cond on sampled tp)] | Loss 507.797913 | Likelihood -507.797913 | KL fp 0.0000 | FP STD 0.0000|
KL coef: 0.0
Train loss (one batch): 353.87164306640625
Train CE loss (one batch): 0.0
Test MSE: 0.1023
Poisson likelihood: 0.0
CE loss: 0.0
Experiment 94117
Epoch 0004 [Test seq (cond on sampled tp)] | Loss 482.488464 | Likelihood -482.488464 | KL fp 0.0000 | FP STD 0.0000|
KL coef: 0.0
Train loss (one batch): 342.98980712890625
Train CE loss (one batch): 0.0
Test MSE: 0.0972
Poisson likelihood: 0.0
CE loss: 0.0
Experiment 94117
Epoch 0005 [Test seq (cond on sampled tp)] | Loss 482.457336 | Likelihood -482.457336 | KL fp 0.0000 | FP STD 0.0000|
KL coef: 0.0
Train loss (one batch): 336.6449279785156
Train CE loss (one batch): 0.0
Test MSE: 0.0972
Poisson likelihood: 0.0
CE loss: 0.0
Experiment 94117
Epoch 0006 [Test seq (cond on sampled tp)] | Loss 457.185547 | Likelihood -457.185547 | KL fp 0.0000 | FP STD 0.0000|
KL coef: 0.0
Train loss (one batch): 312.71044921875
Train CE loss (one batch): 0.0
Test MSE: 0.0922
Poisson likelihood: 0.0
CE loss: 0.0
Experiment 94117
Epoch 0007 [Test seq (cond on sampled tp)] | Loss 443.792786 | Likelihood -443.792786 | KL fp 0.0000 | FP STD 0.0000|
KL coef: 0.0
Train loss (one batch): 275.2189025878906
Train CE loss (one batch): 0.0
Test MSE: 0.0895
Poisson likelihood: 0.0
CE loss: 0.0
Experiment 94117
Epoch 0008 [Test seq (cond on sampled tp)] | Loss 435.424896 | Likelihood -435.424896 | KL fp 0.0000 | FP STD 0.0000|
KL coef: 0.0
Train loss (one batch): 274.0832214355469
Train CE loss (one batch): 0.0
Test MSE: 0.0878
Poisson likelihood: 0.0
CE loss: 0.0
Experiment 94117
Epoch 0009 [Test seq (cond on sampled tp)] | Loss 428.432861 | Likelihood -428.432861 | KL fp 0.0000 | FP STD 0.0000|
KL coef: 0.0
Train loss (one batch): 271.4150695800781
Train CE loss (one batch): 0.0
Test MSE: 0.0864
Poisson likelihood: 0.0
CE loss: 0.0
Experiment 94117
Epoch 0010 [Test seq (cond on sampled tp)] | Loss 427.907959 | Likelihood -427.907959 | KL fp 0.0000 | FP STD 0.0000|
KL coef: 0.0
Train loss (one batch): 264.9799499511719
Train CE loss (one batch): 0.0
Test MSE: 0.0863
Poisson likelihood: 0.0
CE loss: 0.0
Experiment 94117
Epoch 0011 [Test seq (cond on sampled tp)] | Loss 424.729492 | Likelihood -424.729492 | KL fp 0.0000 | FP STD 0.0000|
KL coef: 0.010000000000000009
Train loss (one batch): 263.8002624511719
Train CE loss (one batch): 0.0
Test MSE: 0.0857
Poisson likelihood: 0.0
CE loss: 0.0
Experiment 94117
Epoch 0012 [Test seq (cond on sampled tp)] | Loss 428.900208 | Likelihood -428.900208 | KL fp 0.0000 | FP STD 0.0000|
KL coef: 0.01990000000000003
Train loss (one batch): 262.8757019042969
Train CE loss (one batch): 0.0
Test MSE: 0.0865
Poisson likelihood: 0.0
CE loss: 0.0
Experiment 94117
Epoch 0013 [Test seq (cond on sampled tp)] | Loss 415.403259 | Likelihood -415.403259 | KL fp 0.0000 | FP STD 0.0000|
KL coef: 0.029700999999999977
Train loss (one batch): 269.4219055175781
Train CE loss (one batch): 0.0
Test MSE: 0.0838
Poisson likelihood: 0.0
CE loss: 0.0
Experiment 94117
Epoch 0014 [Test seq (cond on sampled tp)] | Loss 420.141388 | Likelihood -420.141388 | KL fp 0.0000 | FP STD 0.0000|
KL coef: 0.039403990000000055
Train loss (one batch): 257.4406433105469
Train CE loss (one batch): 0.0
Test MSE: 0.0848
Poisson likelihood: 0.0
CE loss: 0.0
Experiment 94117
Epoch 0015 [Test seq (cond on sampled tp)] | Loss 416.104919 | Likelihood -416.104919 | KL fp 0.0000 | FP STD 0.0000|
KL coef: 0.04900995010000009
Train loss (one batch): 258.1768493652344
Train CE loss (one batch): 0.0
Test MSE: 0.0840
Poisson likelihood: 0.0
CE loss: 0.0
Experiment 94117
Epoch 0016 [Test seq (cond on sampled tp)] | Loss 421.250092 | Likelihood -421.250092 | KL fp 0.0000 | FP STD 0.0000|
KL coef: 0.058519850599
Train loss (one batch): 263.7979736328125
Train CE loss (one batch): 0.0
Test MSE: 0.0850
Poisson likelihood: 0.0
CE loss: 0.0
Experiment 94117
Epoch 0017 [Test seq (cond on sampled tp)] | Loss 424.603424 | Likelihood -424.603424 | KL fp 0.0000 | FP STD 0.0000|
KL coef: 0.06793465209301008
Train loss (one batch): 256.8640441894531
Train CE loss (one batch): 0.0
Test MSE: 0.0857
Poisson likelihood: 0.0
CE loss: 0.0
Experiment 94117
Epoch 0018 [Test seq (cond on sampled tp)] | Loss 411.235321 | Likelihood -411.235321 | KL fp 0.0000 | FP STD 0.0000|
KL coef: 0.07725530557207994
Train loss (one batch): 254.75045776367188
Train CE loss (one batch): 0.0
Test MSE: 0.0830
Poisson likelihood: 0.0
CE loss: 0.0
Experiment 94117
Epoch 0019 [Test seq (cond on sampled tp)] | Loss 422.895020 | Likelihood -422.895020 | KL fp 0.0000 | FP STD 0.0000|
KL coef: 0.08648275251635917
Train loss (one batch): 254.92124938964844
Train CE loss (one batch): 0.0
Test MSE: 0.0853
Poisson likelihood: 0.0
CE loss: 0.0
Experiment 94117
Epoch 0020 [Test seq (cond on sampled tp)] | Loss 422.951660 | Likelihood -422.951660 | KL fp 0.0000 | FP STD 0.0000|
KL coef: 0.09561792499119559
Train loss (one batch): 262.3978576660156
Train CE loss (one batch): 0.0
Test MSE: 0.0853
Poisson likelihood: 0.0
CE loss: 0.0
Experiment 94117
Epoch 0021 [Test seq (cond on sampled tp)] | Loss 421.582092 | Likelihood -421.582092 | KL fp 0.0000 | FP STD 0.0000|
KL coef: 0.10466174574128362
Train loss (one batch): 261.4394836425781
Train CE loss (one batch): 0.0
Test MSE: 0.0851
Poisson likelihood: 0.0
CE loss: 0.0
Experiment 94117
Epoch 0022 [Test seq (cond on sampled tp)] | Loss 423.530945 | Likelihood -423.530945 | KL fp 0.0000 | FP STD 0.0000|
KL coef: 0.11361512828387077
Train loss (one batch): 254.5935516357422
Train CE loss (one batch): 0.0
Test MSE: 0.0854
Poisson likelihood: 0.0
CE loss: 0.0
Experiment 94117
Epoch 0023 [Test seq (cond on sampled tp)] | Loss 425.154205 | Likelihood -425.154205 | KL fp 0.0000 | FP STD 0.0000|
KL coef: 0.12247897700103216
Train loss (one batch): 254.7755584716797
Train CE loss (one batch): 0.0
Test MSE: 0.0858
Poisson likelihood: 0.0
CE loss: 0.0
Experiment 94117
Epoch 0024 [Test seq (cond on sampled tp)] | Loss 425.895325 | Likelihood -425.895325 | KL fp 0.0000 | FP STD 0.0000|
KL coef: 0.13125418723102178
Train loss (one batch): 250.1248779296875
Train CE loss (one batch): 0.0
Test MSE: 0.0859
Poisson likelihood: 0.0
CE loss: 0.0
Experiment 94117
Epoch 0025 [Test seq (cond on sampled tp)] | Loss 432.386597 | Likelihood -432.386597 | KL fp 0.0000 | FP STD 0.0000|
KL coef: 0.13994164535871156
Train loss (one batch): 248.2875518798828
Train CE loss (one batch): 0.0
Test MSE: 0.0872
Poisson likelihood: 0.0
CE loss: 0.0
Experiment 94117
Epoch 0026 [Test seq (cond on sampled tp)] | Loss 430.851410 | Likelihood -430.851410 | KL fp 0.0000 | FP STD 0.0000|
KL coef: 0.14854222890512447
Train loss (one batch): 255.283203125
Train CE loss (one batch): 0.0
Test MSE: 0.0869
Poisson likelihood: 0.0
CE loss: 0.0
Experiment 94117
Epoch 0027 [Test seq (cond on sampled tp)] | Loss 441.043427 | Likelihood -441.043427 | KL fp 0.0000 | FP STD 0.0000|
KL coef: 0.15705680661607324
Train loss (one batch): 255.18319702148438
Train CE loss (one batch): 0.0
Test MSE: 0.0889
Poisson likelihood: 0.0
CE loss: 0.0
Experiment 94117
Epoch 0028 [Test seq (cond on sampled tp)] | Loss 437.834900 | Likelihood -437.834900 | KL fp 0.0000 | FP STD 0.0000|
KL coef: 0.1654862385499125
Train loss (one batch): 255.07177734375
Train CE loss (one batch): 0.0
Test MSE: 0.0883
Poisson likelihood: 0.0
CE loss: 0.0
Experiment 94117
Epoch 0029 [Test seq (cond on sampled tp)] | Loss 436.927551 | Likelihood -436.927551 | KL fp 0.0000 | FP STD 0.0000|
KL coef: 0.17383137616441335
Train loss (one batch): 254.755126953125
Train CE loss (one batch): 0.0
Test MSE: 0.0881
Poisson likelihood: 0.0
CE loss: 0.0
Experiment 94117
Epoch 0030 [Test seq (cond on sampled tp)] | Loss 437.466949 | Likelihood -437.466949 | KL fp 0.0000 | FP STD 0.0000|
KL coef: 0.18209306240276923
Train loss (one batch): 247.77284240722656
Train CE loss (one batch): 0.0
Test MSE: 0.0882
Poisson likelihood: 0.0
CE loss: 0.0
Experiment 94117
Epoch 0031 [Test seq (cond on sampled tp)] | Loss 439.388733 | Likelihood -439.388733 | KL fp 0.0000 | FP STD 0.0000|
KL coef: 0.19027213177874158
Train loss (one batch): 254.2202606201172
Train CE loss (one batch): 0.0
Test MSE: 0.0886
Poisson likelihood: 0.0
CE loss: 0.0
Experiment 94117
Epoch 0032 [Test seq (cond on sampled tp)] | Loss 444.949127 | Likelihood -444.949127 | KL fp 0.0000 | FP STD 0.0000|
KL coef: 0.19836941046095413
Train loss (one batch): 247.18910217285156
Train CE loss (one batch): 0.0
Test MSE: 0.0897
Poisson likelihood: 0.0
CE loss: 0.0
Experiment 94117
Epoch 0033 [Test seq (cond on sampled tp)] | Loss 445.951111 | Likelihood -445.951111 | KL fp 0.0000 | FP STD 0.0000|
KL coef: 0.20638571635634462
Train loss (one batch): 253.3370819091797
Train CE loss (one batch): 0.0
Test MSE: 0.0899
Poisson likelihood: 0.0
CE loss: 0.0
Experiment 94117
Epoch 0034 [Test seq (cond on sampled tp)] | Loss 442.201569 | Likelihood -442.201569 | KL fp 0.0000 | FP STD 0.0000|
KL coef: 0.21432185919278124
Train loss (one batch): 248.15139770507812
Train CE loss (one batch): 0.0
Test MSE: 0.0892
Poisson likelihood: 0.0
CE loss: 0.0
Experiment 94117
Epoch 0035 [Test seq (cond on sampled tp)] | Loss 439.817719 | Likelihood -439.817719 | KL fp 0.0000 | FP STD 0.0000|
KL coef: 0.22217864060085335
Train loss (one batch): 250.21849060058594
Train CE loss (one batch): 0.0
Test MSE: 0.0887
Poisson likelihood: 0.0
CE loss: 0.0
Experiment 94117
Epoch 0036 [Test seq (cond on sampled tp)] | Loss 451.864319 | Likelihood -451.864319 | KL fp 0.0000 | FP STD 0.0000|
KL coef: 0.2299568541948449
Train loss (one batch): 244.44528198242188
Train CE loss (one batch): 0.0
Test MSE: 0.0911
Poisson likelihood: 0.0
CE loss: 0.0
Experiment 94117
Epoch 0037 [Test seq (cond on sampled tp)] | Loss 464.533264 | Likelihood -464.533264 | KL fp 0.0000 | FP STD 0.0000|
KL coef: 0.23765728565289646
Train loss (one batch): 253.59085083007812
Train CE loss (one batch): 0.0
Test MSE: 0.0936
Poisson likelihood: 0.0
CE loss: 0.0
Experiment 94117
Epoch 0038 [Test seq (cond on sampled tp)] | Loss 440.687836 | Likelihood -440.687836 | KL fp 0.0000 | FP STD 0.0000|
KL coef: 0.24528071279636743
Train loss (one batch): 251.8755340576172
Train CE loss (one batch): 0.0
Test MSE: 0.0889
Poisson likelihood: 0.0
CE loss: 0.0
Experiment 94117
Epoch 0039 [Test seq (cond on sampled tp)] | Loss 465.627350 | Likelihood -465.627350 | KL fp 0.0000 | FP STD 0.0000|
KL coef: 0.25282790566840385
Train loss (one batch): 252.68292236328125
Train CE loss (one batch): 0.0
Test MSE: 0.0939
Poisson likelihood: 0.0
CE loss: 0.0
Experiment 94117
Epoch 0040 [Test seq (cond on sampled tp)] | Loss 448.990387 | Likelihood -448.990387 | KL fp 0.0000 | FP STD 0.0000|
KL coef: 0.2602996266117198
Train loss (one batch): 245.4316864013672
Train CE loss (one batch): 0.0
Test MSE: 0.0905
Poisson likelihood: 0.0
CE loss: 0.0
Experiment 94117
Epoch 0041 [Test seq (cond on sampled tp)] | Loss 454.821075 | Likelihood -454.821075 | KL fp 0.0000 | FP STD 0.0000|
KL coef: 0.26769663034560254
Train loss (one batch): 254.0496826171875
Train CE loss (one batch): 0.0
Test MSE: 0.0917
Poisson likelihood: 0.0
CE loss: 0.0
Experiment 94117
Epoch 0042 [Test seq (cond on sampled tp)] | Loss 482.321869 | Likelihood -482.321869 | KL fp 0.0000 | FP STD 0.0000|
KL coef: 0.2750196640421466
Train loss (one batch): 251.58026123046875
Train CE loss (one batch): 0.0
Test MSE: 0.0972
Poisson likelihood: 0.0
CE loss: 0.0
Experiment 94117
Epoch 0043 [Test seq (cond on sampled tp)] | Loss 471.647888 | Likelihood -471.647888 | KL fp 0.0000 | FP STD 0.0000|
KL coef: 0.2822694674017251
Train loss (one batch): 245.84173583984375
Train CE loss (one batch): 0.0
Test MSE: 0.0951
Poisson likelihood: 0.0
CE loss: 0.0
Experiment 94117
Epoch 0044 [Test seq (cond on sampled tp)] | Loss 464.191711 | Likelihood -464.191711 | KL fp 0.0000 | FP STD 0.0000|
KL coef: 0.2894467727277079
Train loss (one batch): 249.4920196533203
Train CE loss (one batch): 0.0
Test MSE: 0.0936
Poisson likelihood: 0.0
CE loss: 0.0
Experiment 94117
Epoch 0045 [Test seq (cond on sampled tp)] | Loss 465.801514 | Likelihood -465.801514 | KL fp 0.0000 | FP STD 0.0000|
KL coef: 0.29655230500043084
Train loss (one batch): 249.02597045898438
Train CE loss (one batch): 0.0
Test MSE: 0.0939
Poisson likelihood: 0.0
CE loss: 0.0
Experiment 94117
Epoch 0046 [Test seq (cond on sampled tp)] | Loss 467.288666 | Likelihood -467.288666 | KL fp 0.0000 | FP STD 0.0000|
KL coef: 0.30358678195042654
Train loss (one batch): 254.90538024902344
Train CE loss (one batch): 0.0
Test MSE: 0.0942
Poisson likelihood: 0.0
CE loss: 0.0
Experiment 94117
Epoch 0047 [Test seq (cond on sampled tp)] | Loss 475.697174 | Likelihood -475.697174 | KL fp 0.0000 | FP STD 0.0000|
KL coef: 0.3105509141309223
Train loss (one batch): 249.97476196289062
Train CE loss (one batch): 0.0
Test MSE: 0.0959
Poisson likelihood: 0.0
CE loss: 0.0
Experiment 94117
Epoch 0048 [Test seq (cond on sampled tp)] | Loss 462.130127 | Likelihood -462.130127 | KL fp 0.0000 | FP STD 0.0000|
KL coef: 0.31744540498961304
Train loss (one batch): 247.66819763183594
Train CE loss (one batch): 0.0
Test MSE: 0.0932
Poisson likelihood: 0.0
CE loss: 0.0
Experiment 94117
Epoch 0049 [Test seq (cond on sampled tp)] | Loss 472.371216 | Likelihood -472.371216 | KL fp 0.0000 | FP STD 0.0000|
KL coef: 0.3242709509397169
Train loss (one batch): 245.42495727539062
Train CE loss (one batch): 0.0
Test MSE: 0.0952
Poisson likelihood: 0.0
CE loss: 0.0
Experiment 94117
Epoch 0050 [Test seq (cond on sampled tp)] | Loss 479.106171 | Likelihood -479.106171 | KL fp 0.0000 | FP STD 0.0000|
KL coef: 0.3310282414303197
Train loss (one batch): 245.36642456054688
Train CE loss (one batch): 0.0
Test MSE: 0.0966
Poisson likelihood: 0.0
CE loss: 0.0
Experiment 94117
Epoch 0051 [Test seq (cond on sampled tp)] | Loss 465.221313 | Likelihood -465.221313 | KL fp 0.0000 | FP STD 0.0000|
KL coef: 0.33771795901601653
Train loss (one batch): 250.06588745117188
Train CE loss (one batch): 0.0
Test MSE: 0.0938
Poisson likelihood: 0.0
CE loss: 0.0
Experiment 94117
Epoch 0052 [Test seq (cond on sampled tp)] | Loss 469.079895 | Likelihood -469.079895 | KL fp 0.0000 | FP STD 0.0000|
KL coef: 0.3443407794258564
Train loss (one batch): 241.2597198486328
Train CE loss (one batch): 0.0
Test MSE: 0.0946
Poisson likelihood: 0.0
CE loss: 0.0
Experiment 94117
Epoch 0053 [Test seq (cond on sampled tp)] | Loss 477.884705 | Likelihood -477.884705 | KL fp 0.0000 | FP STD 0.0000|
KL coef: 0.35089737163159784
Train loss (one batch): 241.01271057128906
Train CE loss (one batch): 0.0
Test MSE: 0.0963
Poisson likelihood: 0.0
CE loss: 0.0
Experiment 94117
Epoch 0054 [Test seq (cond on sampled tp)] | Loss 480.179260 | Likelihood -480.179260 | KL fp 0.0000 | FP STD 0.0000|
KL coef: 0.3573883979152819
Train loss (one batch): 243.34335327148438
Train CE loss (one batch): 0.0
Test MSE: 0.0968
Poisson likelihood: 0.0
CE loss: 0.0
Experiment 94117
Epoch 0055 [Test seq (cond on sampled tp)] | Loss 481.086395 | Likelihood -481.086395 | KL fp 0.0000 | FP STD 0.0000|
KL coef: 0.36381451393612907
Train loss (one batch): 239.93194580078125
Train CE loss (one batch): 0.0
Test MSE: 0.0970
Poisson likelihood: 0.0
CE loss: 0.0
Experiment 94117
Epoch 0056 [Test seq (cond on sampled tp)] | Loss 477.029510 | Likelihood -477.029510 | KL fp 0.0000 | FP STD 0.0000|
KL coef: 0.37017636879676774
Train loss (one batch): 251.4412384033203
Train CE loss (one batch): 0.0
Test MSE: 0.0961
Poisson likelihood: 0.0
CE loss: 0.0
Experiment 94117
Epoch 0057 [Test seq (cond on sampled tp)] | Loss 477.494141 | Likelihood -477.494141 | KL fp 0.0000 | FP STD 0.0000|
KL coef: 0.37647460510880004
Train loss (one batch): 244.0692596435547
Train CE loss (one batch): 0.0
Test MSE: 0.0962
Poisson likelihood: 0.0
CE loss: 0.0
Experiment 94117
Epoch 0058 [Test seq (cond on sampled tp)] | Loss 477.505463 | Likelihood -477.505463 | KL fp 0.0000 | FP STD 0.0000|
KL coef: 0.38270985905771204
Train loss (one batch): 246.68882751464844
Train CE loss (one batch): 0.0
Test MSE: 0.0962
Poisson likelihood: 0.0
CE loss: 0.0
Experiment 94117
Epoch 0059 [Test seq (cond on sampled tp)] | Loss 480.121338 | Likelihood -480.121338 | KL fp 0.0000 | FP STD 0.0000|
KL coef: 0.388882760467135
Train loss (one batch): 246.7364044189453
Train CE loss (one batch): 0.0
Test MSE: 0.0968
Poisson likelihood: 0.0
CE loss: 0.0
Experiment 94117
Epoch 0060 [Test seq (cond on sampled tp)] | Loss 477.654449 | Likelihood -477.654449 | KL fp 0.0000 | FP STD 0.0000|
KL coef: 0.39499393286246365
Train loss (one batch): 243.8965301513672
Train CE loss (one batch): 0.0
Test MSE: 0.0963
Poisson likelihood: 0.0
CE loss: 0.0
Experiment 94117
Epoch 0061 [Test seq (cond on sampled tp)] | Loss 487.454651 | Likelihood -487.454651 | KL fp 0.0000 | FP STD 0.0000|
KL coef: 0.401043993533839
Train loss (one batch): 241.68125915527344
Train CE loss (one batch): 0.0
Test MSE: 0.0982
Poisson likelihood: 0.0
CE loss: 0.0
Experiment 94117
Epoch 0062 [Test seq (cond on sampled tp)] | Loss 492.949951 | Likelihood -492.949951 | KL fp 0.0000 | FP STD 0.0000|
KL coef: 0.4070335535985006
Train loss (one batch): 242.56991577148438
Train CE loss (one batch): 0.0
Test MSE: 0.0993
Poisson likelihood: 0.0
CE loss: 0.0
Experiment 94117
Epoch 0063 [Test seq (cond on sampled tp)] | Loss 483.704193 | Likelihood -483.704193 | KL fp 0.0000 | FP STD 0.0000|
KL coef: 0.41296321806251557
Train loss (one batch): 236.76925659179688
Train CE loss (one batch): 0.0
Test MSE: 0.0975
Poisson likelihood: 0.0
CE loss: 0.0
Experiment 94117
Epoch 0064 [Test seq (cond on sampled tp)] | Loss 479.159729 | Likelihood -479.159729 | KL fp 0.0000 | FP STD 0.0000|
KL coef: 0.41883358588189046
Train loss (one batch): 244.860107421875
Train CE loss (one batch): 0.0
Test MSE: 0.0966
Poisson likelihood: 0.0
CE loss: 0.0
Experiment 94117
Epoch 0065 [Test seq (cond on sampled tp)] | Loss 487.910217 | Likelihood -487.910217 | KL fp 0.0000 | FP STD 0.0000|
KL coef: 0.4246452500230715
Train loss (one batch): 238.41009521484375
Train CE loss (one batch): 0.0
Test MSE: 0.0983
Poisson likelihood: 0.0
CE loss: 0.0
Experiment 94117
Epoch 0066 [Test seq (cond on sampled tp)] | Loss 490.549774 | Likelihood -490.549774 | KL fp 0.0000 | FP STD 0.0000|
KL coef: 0.4303987975228408
Train loss (one batch): 242.9838104248047
Train CE loss (one batch): 0.0
Test MSE: 0.0988
Poisson likelihood: 0.0
CE loss: 0.0
Experiment 94117
Epoch 0067 [Test seq (cond on sampled tp)] | Loss 485.857910 | Likelihood -485.857910 | KL fp 0.0000 | FP STD 0.0000|
KL coef: 0.4360948095476125
Train loss (one batch): 244.3524932861328
Train CE loss (one batch): 0.0
Test MSE: 0.0979
Poisson likelihood: 0.0
CE loss: 0.0
Experiment 94117
Epoch 0068 [Test seq (cond on sampled tp)] | Loss 482.251617 | Likelihood -482.251617 | KL fp 0.0000 | FP STD 0.0000|
KL coef: 0.44173386145213633
Train loss (one batch): 242.69754028320312
Train CE loss (one batch): 0.0
Test MSE: 0.0972
Poisson likelihood: 0.0
CE loss: 0.0
Experiment 94117
Epoch 0069 [Test seq (cond on sampled tp)] | Loss 486.109558 | Likelihood -486.109558 | KL fp 0.0000 | FP STD 0.0000|
KL coef: 0.4473165228376149
Train loss (one batch): 239.18960571289062
Train CE loss (one batch): 0.0
Test MSE: 0.0980
Poisson likelihood: 0.0
CE loss: 0.0
Experiment 94117
Epoch 0070 [Test seq (cond on sampled tp)] | Loss 488.174713 | Likelihood -488.174713 | KL fp 0.0000 | FP STD 0.0000|
KL coef: 0.4528433576092388
Train loss (one batch): 237.0018310546875
Train CE loss (one batch): 0.0
Test MSE: 0.0984
Poisson likelihood: 0.0
CE loss: 0.0
Experiment 94117
Epoch 0071 [Test seq (cond on sampled tp)] | Loss 478.290924 | Likelihood -478.290924 | KL fp 0.0000 | FP STD 0.0000|
KL coef: 0.45831492403314644
Train loss (one batch): 246.2608184814453
Train CE loss (one batch): 0.0
Test MSE: 0.0964
Poisson likelihood: 0.0
CE loss: 0.0
Experiment 94117
Epoch 0072 [Test seq (cond on sampled tp)] | Loss 498.506134 | Likelihood -498.506134 | KL fp 0.0000 | FP STD 0.0000|
KL coef: 0.463731774792815
Train loss (one batch): 244.4579315185547
Train CE loss (one batch): 0.0
Test MSE: 0.1004
Poisson likelihood: 0.0
CE loss: 0.0
Experiment 94117
Epoch 0073 [Test seq (cond on sampled tp)] | Loss 494.106750 | Likelihood -494.106750 | KL fp 0.0000 | FP STD 0.0000|
KL coef: 0.46909445704488684
Train loss (one batch): 240.98077392578125
Train CE loss (one batch): 0.0
Test MSE: 0.0996
Poisson likelihood: 0.0
CE loss: 0.0
Experiment 94117
Epoch 0074 [Test seq (cond on sampled tp)] | Loss 478.405518 | Likelihood -478.405518 | KL fp 0.0000 | FP STD 0.0000|
KL coef: 0.474403512474438
Train loss (one batch): 251.556396484375
Train CE loss (one batch): 0.0
Test MSE: 0.0964
Poisson likelihood: 0.0
CE loss: 0.0
Experiment 94117
Epoch 0075 [Test seq (cond on sampled tp)] | Loss 497.150452 | Likelihood -497.150452 | KL fp 0.0000 | FP STD 0.0000|
KL coef: 0.4796594773496936
Train loss (one batch): 242.71185302734375
Train CE loss (one batch): 0.0
Test MSE: 0.1002
Poisson likelihood: 0.0
CE loss: 0.0
Experiment 94117
Epoch 0076 [Test seq (cond on sampled tp)] | Loss 498.114838 | Likelihood -498.114838 | KL fp 0.0000 | FP STD 0.0000|
KL coef: 0.4848628825761967
Train loss (one batch): 245.6463623046875
Train CE loss (one batch): 0.0
Test MSE: 0.1004
Poisson likelihood: 0.0
CE loss: 0.0
Experiment 94117
Epoch 0077 [Test seq (cond on sampled tp)] | Loss 477.464264 | Likelihood -477.464264 | KL fp 0.0000 | FP STD 0.0000|
KL coef: 0.4900142537504347
Train loss (one batch): 245.36050415039062
Train CE loss (one batch): 0.0
Test MSE: 0.0962
Poisson likelihood: 0.0
CE loss: 0.0
Experiment 94117
Epoch 0078 [Test seq (cond on sampled tp)] | Loss 488.737701 | Likelihood -488.737701 | KL fp 0.0000 | FP STD 0.0000|
KL coef: 0.49511411121293036
Train loss (one batch): 240.94105529785156
Train CE loss (one batch): 0.0
Test MSE: 0.0985
Poisson likelihood: 0.0
CE loss: 0.0
Experiment 94117
Epoch 0079 [Test seq (cond on sampled tp)] | Loss 484.221436 | Likelihood -484.221436 | KL fp 0.0000 | FP STD 0.0000|
KL coef: 0.500162970100801
Train loss (one batch): 245.98464965820312
Train CE loss (one batch): 0.0
Test MSE: 0.0976
Poisson likelihood: 0.0
CE loss: 0.0
Experiment 94117
Epoch 0080 [Test seq (cond on sampled tp)] | Loss 497.269135 | Likelihood -497.269135 | KL fp 0.0000 | FP STD 0.0000|
KL coef: 0.505161340399793
Train loss (one batch): 238.70733642578125
Train CE loss (one batch): 0.0
Test MSE: 0.1002
Poisson likelihood: 0.0
CE loss: 0.0
Experiment 94117
Epoch 0081 [Test seq (cond on sampled tp)] | Loss 509.156891 | Likelihood -509.156891 | KL fp 0.0000 | FP STD 0.0000|
KL coef: 0.510109726995795
Train loss (one batch): 238.73690795898438
Train CE loss (one batch): 0.0
Test MSE: 0.1026
Poisson likelihood: 0.0
CE loss: 0.0
Experiment 94117
Epoch 0082 [Test seq (cond on sampled tp)] | Loss 497.543304 | Likelihood -497.543304 | KL fp 0.0000 | FP STD 0.0000|
KL coef: 0.5150086297258372
Train loss (one batch): 242.84117126464844
Train CE loss (one batch): 0.0
Test MSE: 0.1002
Poisson likelihood: 0.0
CE loss: 0.0
Experiment 94117
Epoch 0083 [Test seq (cond on sampled tp)] | Loss 499.192993 | Likelihood -499.192993 | KL fp 0.0000 | FP STD 0.0000|
KL coef: 0.5198585434285787
Train loss (one batch): 240.6845245361328
Train CE loss (one batch): 0.0
Test MSE: 0.1006
Poisson likelihood: 0.0
CE loss: 0.0
Experiment 94117
Epoch 0084 [Test seq (cond on sampled tp)] | Loss 490.972015 | Likelihood -490.972015 | KL fp 0.0000 | FP STD 0.0000|
KL coef: 0.524659957994293
Train loss (one batch): 241.69256591796875
Train CE loss (one batch): 0.0
Test MSE: 0.0989
Poisson likelihood: 0.0
CE loss: 0.0
Experiment 94117
Epoch 0085 [Test seq (cond on sampled tp)] | Loss 501.760895 | Likelihood -501.760895 | KL fp 0.0000 | FP STD 0.0000|
KL coef: 0.5294133584143501
Train loss (one batch): 235.42999267578125
Train CE loss (one batch): 0.0
Test MSE: 0.1011
Poisson likelihood: 0.0
CE loss: 0.0
Experiment 94117
Epoch 0086 [Test seq (cond on sampled tp)] | Loss 492.066528 | Likelihood -492.066528 | KL fp 0.0000 | FP STD 0.0000|
KL coef: 0.5341192248302067
Train loss (one batch): 243.23426818847656
Train CE loss (one batch): 0.0
Test MSE: 0.0992
Poisson likelihood: 0.0
CE loss: 0.0
Experiment 94117
Epoch 0087 [Test seq (cond on sampled tp)] | Loss 491.964447 | Likelihood -491.964447 | KL fp 0.0000 | FP STD 0.0000|
KL coef: 0.5387780325819045
Train loss (one batch): 242.56741333007812
Train CE loss (one batch): 0.0
Test MSE: 0.0991
Poisson likelihood: 0.0
CE loss: 0.0
Experiment 94117
Epoch 0088 [Test seq (cond on sampled tp)] | Loss 507.640594 | Likelihood -507.640594 | KL fp 0.0000 | FP STD 0.0000|
KL coef: 0.5433902522560855
Train loss (one batch): 244.33108520507812
Train CE loss (one batch): 0.0
Test MSE: 0.1023
Poisson likelihood: 0.0
CE loss: 0.0
Experiment 94117
Epoch 0089 [Test seq (cond on sampled tp)] | Loss 499.165161 | Likelihood -499.165161 | KL fp 0.0000 | FP STD 0.0000|
KL coef: 0.5479563497335247
Train loss (one batch): 242.32925415039062
Train CE loss (one batch): 0.0
Test MSE: 0.1006
Poisson likelihood: 0.0
CE loss: 0.0
Experiment 94117
Epoch 0090 [Test seq (cond on sampled tp)] | Loss 493.766785 | Likelihood -493.766785 | KL fp 0.0000 | FP STD 0.0000|
KL coef: 0.5524767862361895
Train loss (one batch): 235.07644653320312
Train CE loss (one batch): 0.0
Test MSE: 0.0995
Poisson likelihood: 0.0
CE loss: 0.0
Experiment 94117
Epoch 0091 [Test seq (cond on sampled tp)] | Loss 492.591888 | Likelihood -492.591888 | KL fp 0.0000 | FP STD 0.0000|
KL coef: 0.5569520183738275
Train loss (one batch): 240.22198486328125
Train CE loss (one batch): 0.0
Test MSE: 0.0993
Poisson likelihood: 0.0
CE loss: 0.0
Experiment 94117
Epoch 0092 [Test seq (cond on sampled tp)] | Loss 515.992859 | Likelihood -515.992859 | KL fp 0.0000 | FP STD 0.0000|
KL coef: 0.5613824981900892
Train loss (one batch): 237.65150451660156
Train CE loss (one batch): 0.0
Test MSE: 0.1039
Poisson likelihood: 0.0
CE loss: 0.0
Experiment 94117
Epoch 0093 [Test seq (cond on sampled tp)] | Loss 510.147034 | Likelihood -510.147034 | KL fp 0.0000 | FP STD 0.0000|
KL coef: 0.5657686732081884
Train loss (one batch): 242.14788818359375
Train CE loss (one batch): 0.0
Test MSE: 0.1028
Poisson likelihood: 0.0
CE loss: 0.0
Experiment 94117
Epoch 0094 [Test seq (cond on sampled tp)] | Loss 513.478760 | Likelihood -513.478760 | KL fp 0.0000 | FP STD 0.0000|
KL coef: 0.5701109864761065
Train loss (one batch): 239.13877868652344
Train CE loss (one batch): 0.0
Test MSE: 0.1034
Poisson likelihood: 0.0
CE loss: 0.0
Experiment 94117
Epoch 0095 [Test seq (cond on sampled tp)] | Loss 520.246460 | Likelihood -520.246460 | KL fp 0.0000 | FP STD 0.0000|
KL coef: 0.5744098766113455
Train loss (one batch): 233.7651824951172
Train CE loss (one batch): 0.0
Test MSE: 0.1048
Poisson likelihood: 0.0
CE loss: 0.0
Experiment 94117
Epoch 0096 [Test seq (cond on sampled tp)] | Loss 515.309692 | Likelihood -515.309692 | KL fp 0.0000 | FP STD 0.0000|
KL coef: 0.578665777845232
Train loss (one batch): 239.7245330810547
Train CE loss (one batch): 0.0
Test MSE: 0.1038
Poisson likelihood: 0.0
CE loss: 0.0
Experiment 94117
Epoch 0097 [Test seq (cond on sampled tp)] | Loss 521.008850 | Likelihood -521.008850 | KL fp 0.0000 | FP STD 0.0000|
KL coef: 0.5828791200667797
Train loss (one batch): 239.7689971923828
Train CE loss (one batch): 0.0
Test MSE: 0.1049
Poisson likelihood: 0.0
CE loss: 0.0
Experiment 94117
Epoch 0098 [Test seq (cond on sampled tp)] | Loss 520.618408 | Likelihood -520.618408 | KL fp 0.0000 | FP STD 0.0000|
KL coef: 0.5870503288661119
Train loss (one batch): 243.39218139648438
Train CE loss (one batch): 0.0
Test MSE: 0.1049
Poisson likelihood: 0.0
CE loss: 0.0
Experiment 94117
Epoch 0099 [Test seq (cond on sampled tp)] | Loss 519.561646 | Likelihood -519.561646 | KL fp 0.0000 | FP STD 0.0000|
KL coef: 0.5911798255774507
Train loss (one batch): 239.5008544921875
Train CE loss (one batch): 0.0
Test MSE: 0.1046
Poisson likelihood: 0.0
CE loss: 0.0
Experiment 94117
Epoch 0100 [Test seq (cond on sampled tp)] | Loss 525.902649 | Likelihood -525.902649 | KL fp 0.0000 | FP STD 0.0000|
KL coef: 0.5952680273216762
Train loss (one batch): 239.52134704589844
Train CE loss (one batch): 0.0
Test MSE: 0.1059
Poisson likelihood: 0.0
CE loss: 0.0
